ARM GAS  /tmp/ccX8RDWE.s 			page 1


   1              		.cpu cortex-m4
   2              		.eabi_attribute 27, 1
   3              		.eabi_attribute 28, 1
   4              		.eabi_attribute 20, 1
   5              		.eabi_attribute 21, 1
   6              		.eabi_attribute 23, 3
   7              		.eabi_attribute 24, 1
   8              		.eabi_attribute 25, 1
   9              		.eabi_attribute 26, 1
  10              		.eabi_attribute 30, 1
  11              		.eabi_attribute 34, 1
  12              		.eabi_attribute 18, 4
  13              		.file	"stm32g4xx_hal_msp.c"
  14              		.text
  15              	.Ltext0:
  16              		.cfi_sections	.debug_frame
  17              		.section	.text.HAL_MspInit,"ax",%progbits
  18              		.align	1
  19              		.global	HAL_MspInit
  20              		.arch armv7e-m
  21              		.syntax unified
  22              		.thumb
  23              		.thumb_func
  24              		.fpu fpv4-sp-d16
  26              	HAL_MspInit:
  27              	.LFB132:
  28              		.file 1 "Core/Src/stm32g4xx_hal_msp.c"
   1:Core/Src/stm32g4xx_hal_msp.c **** /* USER CODE BEGIN Header */
   2:Core/Src/stm32g4xx_hal_msp.c **** /**
   3:Core/Src/stm32g4xx_hal_msp.c ****   ******************************************************************************
   4:Core/Src/stm32g4xx_hal_msp.c ****   * @file         stm32g4xx_hal_msp.c
   5:Core/Src/stm32g4xx_hal_msp.c ****   * @brief        This file provides code for the MSP Initialization
   6:Core/Src/stm32g4xx_hal_msp.c ****   *               and de-Initialization codes.
   7:Core/Src/stm32g4xx_hal_msp.c ****   ******************************************************************************
   8:Core/Src/stm32g4xx_hal_msp.c ****   * @attention
   9:Core/Src/stm32g4xx_hal_msp.c ****   *
  10:Core/Src/stm32g4xx_hal_msp.c ****   * Copyright (c) 2026 STMicroelectronics.
  11:Core/Src/stm32g4xx_hal_msp.c ****   * All rights reserved.
  12:Core/Src/stm32g4xx_hal_msp.c ****   *
  13:Core/Src/stm32g4xx_hal_msp.c ****   * This software is licensed under terms that can be found in the LICENSE file
  14:Core/Src/stm32g4xx_hal_msp.c ****   * in the root directory of this software component.
  15:Core/Src/stm32g4xx_hal_msp.c ****   * If no LICENSE file comes with this software, it is provided AS-IS.
  16:Core/Src/stm32g4xx_hal_msp.c ****   *
  17:Core/Src/stm32g4xx_hal_msp.c ****   ******************************************************************************
  18:Core/Src/stm32g4xx_hal_msp.c ****   */
  19:Core/Src/stm32g4xx_hal_msp.c **** /* USER CODE END Header */
  20:Core/Src/stm32g4xx_hal_msp.c **** /* Includes ------------------------------------------------------------------*/
  21:Core/Src/stm32g4xx_hal_msp.c **** #include "main.h"
  22:Core/Src/stm32g4xx_hal_msp.c **** /* USER CODE BEGIN Includes */
  23:Core/Src/stm32g4xx_hal_msp.c **** 
  24:Core/Src/stm32g4xx_hal_msp.c **** /* USER CODE END Includes */
  25:Core/Src/stm32g4xx_hal_msp.c **** 
  26:Core/Src/stm32g4xx_hal_msp.c **** /* Private typedef -----------------------------------------------------------*/
  27:Core/Src/stm32g4xx_hal_msp.c **** /* USER CODE BEGIN TD */
  28:Core/Src/stm32g4xx_hal_msp.c **** 
  29:Core/Src/stm32g4xx_hal_msp.c **** /* USER CODE END TD */
  30:Core/Src/stm32g4xx_hal_msp.c **** 
ARM GAS  /tmp/ccX8RDWE.s 			page 2


  31:Core/Src/stm32g4xx_hal_msp.c **** /* Private define ------------------------------------------------------------*/
  32:Core/Src/stm32g4xx_hal_msp.c **** /* USER CODE BEGIN Define */
  33:Core/Src/stm32g4xx_hal_msp.c **** 
  34:Core/Src/stm32g4xx_hal_msp.c **** /* USER CODE END Define */
  35:Core/Src/stm32g4xx_hal_msp.c **** 
  36:Core/Src/stm32g4xx_hal_msp.c **** /* Private macro -------------------------------------------------------------*/
  37:Core/Src/stm32g4xx_hal_msp.c **** /* USER CODE BEGIN Macro */
  38:Core/Src/stm32g4xx_hal_msp.c **** 
  39:Core/Src/stm32g4xx_hal_msp.c **** /* USER CODE END Macro */
  40:Core/Src/stm32g4xx_hal_msp.c **** 
  41:Core/Src/stm32g4xx_hal_msp.c **** /* Private variables ---------------------------------------------------------*/
  42:Core/Src/stm32g4xx_hal_msp.c **** /* USER CODE BEGIN PV */
  43:Core/Src/stm32g4xx_hal_msp.c **** 
  44:Core/Src/stm32g4xx_hal_msp.c **** /* USER CODE END PV */
  45:Core/Src/stm32g4xx_hal_msp.c **** 
  46:Core/Src/stm32g4xx_hal_msp.c **** /* Private function prototypes -----------------------------------------------*/
  47:Core/Src/stm32g4xx_hal_msp.c **** /* USER CODE BEGIN PFP */
  48:Core/Src/stm32g4xx_hal_msp.c **** 
  49:Core/Src/stm32g4xx_hal_msp.c **** /* USER CODE END PFP */
  50:Core/Src/stm32g4xx_hal_msp.c **** 
  51:Core/Src/stm32g4xx_hal_msp.c **** /* External functions --------------------------------------------------------*/
  52:Core/Src/stm32g4xx_hal_msp.c **** /* USER CODE BEGIN ExternalFunctions */
  53:Core/Src/stm32g4xx_hal_msp.c **** 
  54:Core/Src/stm32g4xx_hal_msp.c **** /* USER CODE END ExternalFunctions */
  55:Core/Src/stm32g4xx_hal_msp.c **** 
  56:Core/Src/stm32g4xx_hal_msp.c **** /* USER CODE BEGIN 0 */
  57:Core/Src/stm32g4xx_hal_msp.c **** 
  58:Core/Src/stm32g4xx_hal_msp.c **** /* USER CODE END 0 */
  59:Core/Src/stm32g4xx_hal_msp.c **** /**
  60:Core/Src/stm32g4xx_hal_msp.c ****   * Initializes the Global MSP.
  61:Core/Src/stm32g4xx_hal_msp.c ****   */
  62:Core/Src/stm32g4xx_hal_msp.c **** void HAL_MspInit(void)
  63:Core/Src/stm32g4xx_hal_msp.c **** {
  29              		.loc 1 63 1 view -0
  30              		.cfi_startproc
  31              		@ args = 0, pretend = 0, frame = 8
  32              		@ frame_needed = 0, uses_anonymous_args = 0
  33 0000 00B5     		push	{lr}
  34              	.LCFI0:
  35              		.cfi_def_cfa_offset 4
  36              		.cfi_offset 14, -4
  37 0002 83B0     		sub	sp, sp, #12
  38              	.LCFI1:
  39              		.cfi_def_cfa_offset 16
  64:Core/Src/stm32g4xx_hal_msp.c **** 
  65:Core/Src/stm32g4xx_hal_msp.c ****   /* USER CODE BEGIN MspInit 0 */
  66:Core/Src/stm32g4xx_hal_msp.c **** 
  67:Core/Src/stm32g4xx_hal_msp.c ****   /* USER CODE END MspInit 0 */
  68:Core/Src/stm32g4xx_hal_msp.c **** 
  69:Core/Src/stm32g4xx_hal_msp.c ****   __HAL_RCC_SYSCFG_CLK_ENABLE();
  40              		.loc 1 69 3 view .LVU1
  41              	.LBB2:
  42              		.loc 1 69 3 view .LVU2
  43              		.loc 1 69 3 view .LVU3
  44 0004 0B4B     		ldr	r3, .L3
  45 0006 1A6E     		ldr	r2, [r3, #96]
  46 0008 42F00102 		orr	r2, r2, #1
ARM GAS  /tmp/ccX8RDWE.s 			page 3


  47 000c 1A66     		str	r2, [r3, #96]
  48              		.loc 1 69 3 view .LVU4
  49 000e 1A6E     		ldr	r2, [r3, #96]
  50 0010 02F00102 		and	r2, r2, #1
  51 0014 0092     		str	r2, [sp]
  52              		.loc 1 69 3 view .LVU5
  53 0016 009A     		ldr	r2, [sp]
  54              	.LBE2:
  55              		.loc 1 69 3 view .LVU6
  70:Core/Src/stm32g4xx_hal_msp.c ****   __HAL_RCC_PWR_CLK_ENABLE();
  56              		.loc 1 70 3 view .LVU7
  57              	.LBB3:
  58              		.loc 1 70 3 view .LVU8
  59              		.loc 1 70 3 view .LVU9
  60 0018 9A6D     		ldr	r2, [r3, #88]
  61 001a 42F08052 		orr	r2, r2, #268435456
  62 001e 9A65     		str	r2, [r3, #88]
  63              		.loc 1 70 3 view .LVU10
  64 0020 9B6D     		ldr	r3, [r3, #88]
  65 0022 03F08053 		and	r3, r3, #268435456
  66 0026 0193     		str	r3, [sp, #4]
  67              		.loc 1 70 3 view .LVU11
  68 0028 019B     		ldr	r3, [sp, #4]
  69              	.LBE3:
  70              		.loc 1 70 3 view .LVU12
  71:Core/Src/stm32g4xx_hal_msp.c **** 
  72:Core/Src/stm32g4xx_hal_msp.c ****   /* System interrupt init*/
  73:Core/Src/stm32g4xx_hal_msp.c **** 
  74:Core/Src/stm32g4xx_hal_msp.c ****   /** Disable the internal Pull-Up in Dead Battery pins of UCPD peripheral
  75:Core/Src/stm32g4xx_hal_msp.c ****   */
  76:Core/Src/stm32g4xx_hal_msp.c ****   HAL_PWREx_DisableUCPDDeadBattery();
  71              		.loc 1 76 3 view .LVU13
  72 002a FFF7FEFF 		bl	HAL_PWREx_DisableUCPDDeadBattery
  73              	.LVL0:
  77:Core/Src/stm32g4xx_hal_msp.c **** 
  78:Core/Src/stm32g4xx_hal_msp.c ****   /* USER CODE BEGIN MspInit 1 */
  79:Core/Src/stm32g4xx_hal_msp.c **** 
  80:Core/Src/stm32g4xx_hal_msp.c ****   /* USER CODE END MspInit 1 */
  81:Core/Src/stm32g4xx_hal_msp.c **** }
  74              		.loc 1 81 1 is_stmt 0 view .LVU14
  75 002e 03B0     		add	sp, sp, #12
  76              	.LCFI2:
  77              		.cfi_def_cfa_offset 4
  78              		@ sp needed
  79 0030 5DF804FB 		ldr	pc, [sp], #4
  80              	.L4:
  81              		.align	2
  82              	.L3:
  83 0034 00100240 		.word	1073876992
  84              		.cfi_endproc
  85              	.LFE132:
  87              		.section	.text.HAL_SPI_MspInit,"ax",%progbits
  88              		.align	1
  89              		.global	HAL_SPI_MspInit
  90              		.syntax unified
  91              		.thumb
  92              		.thumb_func
ARM GAS  /tmp/ccX8RDWE.s 			page 4


  93              		.fpu fpv4-sp-d16
  95              	HAL_SPI_MspInit:
  96              	.LVL1:
  97              	.LFB133:
  82:Core/Src/stm32g4xx_hal_msp.c **** 
  83:Core/Src/stm32g4xx_hal_msp.c **** /**
  84:Core/Src/stm32g4xx_hal_msp.c ****   * @brief SPI MSP Initialization
  85:Core/Src/stm32g4xx_hal_msp.c ****   * This function configures the hardware resources used in this example
  86:Core/Src/stm32g4xx_hal_msp.c ****   * @param hspi: SPI handle pointer
  87:Core/Src/stm32g4xx_hal_msp.c ****   * @retval None
  88:Core/Src/stm32g4xx_hal_msp.c ****   */
  89:Core/Src/stm32g4xx_hal_msp.c **** void HAL_SPI_MspInit(SPI_HandleTypeDef* hspi)
  90:Core/Src/stm32g4xx_hal_msp.c **** {
  98              		.loc 1 90 1 is_stmt 1 view -0
  99              		.cfi_startproc
 100              		@ args = 0, pretend = 0, frame = 32
 101              		@ frame_needed = 0, uses_anonymous_args = 0
 102              		.loc 1 90 1 is_stmt 0 view .LVU16
 103 0000 00B5     		push	{lr}
 104              	.LCFI3:
 105              		.cfi_def_cfa_offset 4
 106              		.cfi_offset 14, -4
 107 0002 89B0     		sub	sp, sp, #36
 108              	.LCFI4:
 109              		.cfi_def_cfa_offset 40
  91:Core/Src/stm32g4xx_hal_msp.c ****   GPIO_InitTypeDef GPIO_InitStruct = {0};
 110              		.loc 1 91 3 is_stmt 1 view .LVU17
 111              		.loc 1 91 20 is_stmt 0 view .LVU18
 112 0004 0023     		movs	r3, #0
 113 0006 0393     		str	r3, [sp, #12]
 114 0008 0493     		str	r3, [sp, #16]
 115 000a 0593     		str	r3, [sp, #20]
 116 000c 0693     		str	r3, [sp, #24]
 117 000e 0793     		str	r3, [sp, #28]
  92:Core/Src/stm32g4xx_hal_msp.c ****   if(hspi->Instance==SPI1)
 118              		.loc 1 92 3 is_stmt 1 view .LVU19
 119              		.loc 1 92 10 is_stmt 0 view .LVU20
 120 0010 0268     		ldr	r2, [r0]
 121              		.loc 1 92 5 view .LVU21
 122 0012 134B     		ldr	r3, .L9
 123 0014 9A42     		cmp	r2, r3
 124 0016 02D0     		beq	.L8
 125              	.LVL2:
 126              	.L5:
  93:Core/Src/stm32g4xx_hal_msp.c ****   {
  94:Core/Src/stm32g4xx_hal_msp.c ****     /* USER CODE BEGIN SPI1_MspInit 0 */
  95:Core/Src/stm32g4xx_hal_msp.c **** 
  96:Core/Src/stm32g4xx_hal_msp.c ****     /* USER CODE END SPI1_MspInit 0 */
  97:Core/Src/stm32g4xx_hal_msp.c ****     /* Peripheral clock enable */
  98:Core/Src/stm32g4xx_hal_msp.c ****     __HAL_RCC_SPI1_CLK_ENABLE();
  99:Core/Src/stm32g4xx_hal_msp.c **** 
 100:Core/Src/stm32g4xx_hal_msp.c ****     __HAL_RCC_GPIOA_CLK_ENABLE();
 101:Core/Src/stm32g4xx_hal_msp.c ****     /**SPI1 GPIO Configuration
 102:Core/Src/stm32g4xx_hal_msp.c ****     PA5     ------> SPI1_SCK
 103:Core/Src/stm32g4xx_hal_msp.c ****     PA6     ------> SPI1_MISO
 104:Core/Src/stm32g4xx_hal_msp.c ****     PA7     ------> SPI1_MOSI
 105:Core/Src/stm32g4xx_hal_msp.c ****     */
ARM GAS  /tmp/ccX8RDWE.s 			page 5


 106:Core/Src/stm32g4xx_hal_msp.c ****     GPIO_InitStruct.Pin = TMC_SCK_Pin|TMC_SDO_Pin|TMC_SDI_Pin;
 107:Core/Src/stm32g4xx_hal_msp.c ****     GPIO_InitStruct.Mode = GPIO_MODE_AF_PP;
 108:Core/Src/stm32g4xx_hal_msp.c ****     GPIO_InitStruct.Pull = GPIO_NOPULL;
 109:Core/Src/stm32g4xx_hal_msp.c ****     GPIO_InitStruct.Speed = GPIO_SPEED_FREQ_LOW;
 110:Core/Src/stm32g4xx_hal_msp.c ****     GPIO_InitStruct.Alternate = GPIO_AF5_SPI1;
 111:Core/Src/stm32g4xx_hal_msp.c ****     HAL_GPIO_Init(GPIOA, &GPIO_InitStruct);
 112:Core/Src/stm32g4xx_hal_msp.c **** 
 113:Core/Src/stm32g4xx_hal_msp.c ****     /* USER CODE BEGIN SPI1_MspInit 1 */
 114:Core/Src/stm32g4xx_hal_msp.c **** 
 115:Core/Src/stm32g4xx_hal_msp.c ****     /* USER CODE END SPI1_MspInit 1 */
 116:Core/Src/stm32g4xx_hal_msp.c **** 
 117:Core/Src/stm32g4xx_hal_msp.c ****   }
 118:Core/Src/stm32g4xx_hal_msp.c **** 
 119:Core/Src/stm32g4xx_hal_msp.c **** }
 127              		.loc 1 119 1 view .LVU22
 128 0018 09B0     		add	sp, sp, #36
 129              	.LCFI5:
 130              		.cfi_remember_state
 131              		.cfi_def_cfa_offset 4
 132              		@ sp needed
 133 001a 5DF804FB 		ldr	pc, [sp], #4
 134              	.LVL3:
 135              	.L8:
 136              	.LCFI6:
 137              		.cfi_restore_state
  98:Core/Src/stm32g4xx_hal_msp.c **** 
 138              		.loc 1 98 5 is_stmt 1 view .LVU23
 139              	.LBB4:
  98:Core/Src/stm32g4xx_hal_msp.c **** 
 140              		.loc 1 98 5 view .LVU24
  98:Core/Src/stm32g4xx_hal_msp.c **** 
 141              		.loc 1 98 5 view .LVU25
 142 001e 03F56043 		add	r3, r3, #57344
 143 0022 1A6E     		ldr	r2, [r3, #96]
 144 0024 42F48052 		orr	r2, r2, #4096
 145 0028 1A66     		str	r2, [r3, #96]
  98:Core/Src/stm32g4xx_hal_msp.c **** 
 146              		.loc 1 98 5 view .LVU26
 147 002a 1A6E     		ldr	r2, [r3, #96]
 148 002c 02F48052 		and	r2, r2, #4096
 149 0030 0192     		str	r2, [sp, #4]
  98:Core/Src/stm32g4xx_hal_msp.c **** 
 150              		.loc 1 98 5 view .LVU27
 151 0032 019A     		ldr	r2, [sp, #4]
 152              	.LBE4:
  98:Core/Src/stm32g4xx_hal_msp.c **** 
 153              		.loc 1 98 5 view .LVU28
 100:Core/Src/stm32g4xx_hal_msp.c ****     /**SPI1 GPIO Configuration
 154              		.loc 1 100 5 view .LVU29
 155              	.LBB5:
 100:Core/Src/stm32g4xx_hal_msp.c ****     /**SPI1 GPIO Configuration
 156              		.loc 1 100 5 view .LVU30
 100:Core/Src/stm32g4xx_hal_msp.c ****     /**SPI1 GPIO Configuration
 157              		.loc 1 100 5 view .LVU31
 158 0034 DA6C     		ldr	r2, [r3, #76]
 159 0036 42F00102 		orr	r2, r2, #1
 160 003a DA64     		str	r2, [r3, #76]
ARM GAS  /tmp/ccX8RDWE.s 			page 6


 100:Core/Src/stm32g4xx_hal_msp.c ****     /**SPI1 GPIO Configuration
 161              		.loc 1 100 5 view .LVU32
 162 003c DB6C     		ldr	r3, [r3, #76]
 163 003e 03F00103 		and	r3, r3, #1
 164 0042 0293     		str	r3, [sp, #8]
 100:Core/Src/stm32g4xx_hal_msp.c ****     /**SPI1 GPIO Configuration
 165              		.loc 1 100 5 view .LVU33
 166 0044 029B     		ldr	r3, [sp, #8]
 167              	.LBE5:
 100:Core/Src/stm32g4xx_hal_msp.c ****     /**SPI1 GPIO Configuration
 168              		.loc 1 100 5 view .LVU34
 106:Core/Src/stm32g4xx_hal_msp.c ****     GPIO_InitStruct.Mode = GPIO_MODE_AF_PP;
 169              		.loc 1 106 5 view .LVU35
 106:Core/Src/stm32g4xx_hal_msp.c ****     GPIO_InitStruct.Mode = GPIO_MODE_AF_PP;
 170              		.loc 1 106 25 is_stmt 0 view .LVU36
 171 0046 E023     		movs	r3, #224
 172 0048 0393     		str	r3, [sp, #12]
 107:Core/Src/stm32g4xx_hal_msp.c ****     GPIO_InitStruct.Pull = GPIO_NOPULL;
 173              		.loc 1 107 5 is_stmt 1 view .LVU37
 107:Core/Src/stm32g4xx_hal_msp.c ****     GPIO_InitStruct.Pull = GPIO_NOPULL;
 174              		.loc 1 107 26 is_stmt 0 view .LVU38
 175 004a 0223     		movs	r3, #2
 176 004c 0493     		str	r3, [sp, #16]
 108:Core/Src/stm32g4xx_hal_msp.c ****     GPIO_InitStruct.Speed = GPIO_SPEED_FREQ_LOW;
 177              		.loc 1 108 5 is_stmt 1 view .LVU39
 109:Core/Src/stm32g4xx_hal_msp.c ****     GPIO_InitStruct.Alternate = GPIO_AF5_SPI1;
 178              		.loc 1 109 5 view .LVU40
 110:Core/Src/stm32g4xx_hal_msp.c ****     HAL_GPIO_Init(GPIOA, &GPIO_InitStruct);
 179              		.loc 1 110 5 view .LVU41
 110:Core/Src/stm32g4xx_hal_msp.c ****     HAL_GPIO_Init(GPIOA, &GPIO_InitStruct);
 180              		.loc 1 110 31 is_stmt 0 view .LVU42
 181 004e 0523     		movs	r3, #5
 182 0050 0793     		str	r3, [sp, #28]
 111:Core/Src/stm32g4xx_hal_msp.c **** 
 183              		.loc 1 111 5 is_stmt 1 view .LVU43
 184 0052 03A9     		add	r1, sp, #12
 185 0054 4FF09040 		mov	r0, #1207959552
 186              	.LVL4:
 111:Core/Src/stm32g4xx_hal_msp.c **** 
 187              		.loc 1 111 5 is_stmt 0 view .LVU44
 188 0058 FFF7FEFF 		bl	HAL_GPIO_Init
 189              	.LVL5:
 190              		.loc 1 119 1 view .LVU45
 191 005c DCE7     		b	.L5
 192              	.L10:
 193 005e 00BF     		.align	2
 194              	.L9:
 195 0060 00300140 		.word	1073819648
 196              		.cfi_endproc
 197              	.LFE133:
 199              		.section	.text.HAL_SPI_MspDeInit,"ax",%progbits
 200              		.align	1
 201              		.global	HAL_SPI_MspDeInit
 202              		.syntax unified
 203              		.thumb
 204              		.thumb_func
 205              		.fpu fpv4-sp-d16
ARM GAS  /tmp/ccX8RDWE.s 			page 7


 207              	HAL_SPI_MspDeInit:
 208              	.LVL6:
 209              	.LFB134:
 120:Core/Src/stm32g4xx_hal_msp.c **** 
 121:Core/Src/stm32g4xx_hal_msp.c **** /**
 122:Core/Src/stm32g4xx_hal_msp.c ****   * @brief SPI MSP De-Initialization
 123:Core/Src/stm32g4xx_hal_msp.c ****   * This function freeze the hardware resources used in this example
 124:Core/Src/stm32g4xx_hal_msp.c ****   * @param hspi: SPI handle pointer
 125:Core/Src/stm32g4xx_hal_msp.c ****   * @retval None
 126:Core/Src/stm32g4xx_hal_msp.c ****   */
 127:Core/Src/stm32g4xx_hal_msp.c **** void HAL_SPI_MspDeInit(SPI_HandleTypeDef* hspi)
 128:Core/Src/stm32g4xx_hal_msp.c **** {
 210              		.loc 1 128 1 is_stmt 1 view -0
 211              		.cfi_startproc
 212              		@ args = 0, pretend = 0, frame = 0
 213              		@ frame_needed = 0, uses_anonymous_args = 0
 214              		.loc 1 128 1 is_stmt 0 view .LVU47
 215 0000 08B5     		push	{r3, lr}
 216              	.LCFI7:
 217              		.cfi_def_cfa_offset 8
 218              		.cfi_offset 3, -8
 219              		.cfi_offset 14, -4
 129:Core/Src/stm32g4xx_hal_msp.c ****   if(hspi->Instance==SPI1)
 220              		.loc 1 129 3 is_stmt 1 view .LVU48
 221              		.loc 1 129 10 is_stmt 0 view .LVU49
 222 0002 0268     		ldr	r2, [r0]
 223              		.loc 1 129 5 view .LVU50
 224 0004 074B     		ldr	r3, .L15
 225 0006 9A42     		cmp	r2, r3
 226 0008 00D0     		beq	.L14
 227              	.LVL7:
 228              	.L11:
 130:Core/Src/stm32g4xx_hal_msp.c ****   {
 131:Core/Src/stm32g4xx_hal_msp.c ****     /* USER CODE BEGIN SPI1_MspDeInit 0 */
 132:Core/Src/stm32g4xx_hal_msp.c **** 
 133:Core/Src/stm32g4xx_hal_msp.c ****     /* USER CODE END SPI1_MspDeInit 0 */
 134:Core/Src/stm32g4xx_hal_msp.c ****     /* Peripheral clock disable */
 135:Core/Src/stm32g4xx_hal_msp.c ****     __HAL_RCC_SPI1_CLK_DISABLE();
 136:Core/Src/stm32g4xx_hal_msp.c **** 
 137:Core/Src/stm32g4xx_hal_msp.c ****     /**SPI1 GPIO Configuration
 138:Core/Src/stm32g4xx_hal_msp.c ****     PA5     ------> SPI1_SCK
 139:Core/Src/stm32g4xx_hal_msp.c ****     PA6     ------> SPI1_MISO
 140:Core/Src/stm32g4xx_hal_msp.c ****     PA7     ------> SPI1_MOSI
 141:Core/Src/stm32g4xx_hal_msp.c ****     */
 142:Core/Src/stm32g4xx_hal_msp.c ****     HAL_GPIO_DeInit(GPIOA, TMC_SCK_Pin|TMC_SDO_Pin|TMC_SDI_Pin);
 143:Core/Src/stm32g4xx_hal_msp.c **** 
 144:Core/Src/stm32g4xx_hal_msp.c ****     /* USER CODE BEGIN SPI1_MspDeInit 1 */
 145:Core/Src/stm32g4xx_hal_msp.c **** 
 146:Core/Src/stm32g4xx_hal_msp.c ****     /* USER CODE END SPI1_MspDeInit 1 */
 147:Core/Src/stm32g4xx_hal_msp.c ****   }
 148:Core/Src/stm32g4xx_hal_msp.c **** 
 149:Core/Src/stm32g4xx_hal_msp.c **** }
 229              		.loc 1 149 1 view .LVU51
 230 000a 08BD     		pop	{r3, pc}
 231              	.LVL8:
 232              	.L14:
 135:Core/Src/stm32g4xx_hal_msp.c **** 
ARM GAS  /tmp/ccX8RDWE.s 			page 8


 233              		.loc 1 135 5 is_stmt 1 view .LVU52
 234 000c 064A     		ldr	r2, .L15+4
 235 000e 136E     		ldr	r3, [r2, #96]
 236 0010 23F48053 		bic	r3, r3, #4096
 237 0014 1366     		str	r3, [r2, #96]
 142:Core/Src/stm32g4xx_hal_msp.c **** 
 238              		.loc 1 142 5 view .LVU53
 239 0016 E021     		movs	r1, #224
 240 0018 4FF09040 		mov	r0, #1207959552
 241              	.LVL9:
 142:Core/Src/stm32g4xx_hal_msp.c **** 
 242              		.loc 1 142 5 is_stmt 0 view .LVU54
 243 001c FFF7FEFF 		bl	HAL_GPIO_DeInit
 244              	.LVL10:
 245              		.loc 1 149 1 view .LVU55
 246 0020 F3E7     		b	.L11
 247              	.L16:
 248 0022 00BF     		.align	2
 249              	.L15:
 250 0024 00300140 		.word	1073819648
 251 0028 00100240 		.word	1073876992
 252              		.cfi_endproc
 253              	.LFE134:
 255              		.text
 256              	.Letext0:
 257              		.file 2 "/usr/lib/gcc/arm-none-eabi/10.3.1/include/stdint.h"
 258              		.file 3 "Drivers/CMSIS/Device/ST/STM32G4xx/Include/stm32g474xx.h"
 259              		.file 4 "Drivers/STM32G4xx_HAL_Driver/Inc/stm32g4xx_hal_def.h"
 260              		.file 5 "Drivers/STM32G4xx_HAL_Driver/Inc/stm32g4xx_hal_gpio.h"
 261              		.file 6 "Drivers/STM32G4xx_HAL_Driver/Inc/stm32g4xx_hal_dma.h"
 262              		.file 7 "Drivers/STM32G4xx_HAL_Driver/Inc/stm32g4xx_hal_spi.h"
 263              		.file 8 "Drivers/STM32G4xx_HAL_Driver/Inc/stm32g4xx_hal_pwr_ex.h"
ARM GAS  /tmp/ccX8RDWE.s 			page 9


DEFINED SYMBOLS
                            *ABS*:0000000000000000 stm32g4xx_hal_msp.c
     /tmp/ccX8RDWE.s:18     .text.HAL_MspInit:0000000000000000 $t
     /tmp/ccX8RDWE.s:26     .text.HAL_MspInit:0000000000000000 HAL_MspInit
     /tmp/ccX8RDWE.s:83     .text.HAL_MspInit:0000000000000034 $d
     /tmp/ccX8RDWE.s:88     .text.HAL_SPI_MspInit:0000000000000000 $t
     /tmp/ccX8RDWE.s:95     .text.HAL_SPI_MspInit:0000000000000000 HAL_SPI_MspInit
     /tmp/ccX8RDWE.s:195    .text.HAL_SPI_MspInit:0000000000000060 $d
     /tmp/ccX8RDWE.s:200    .text.HAL_SPI_MspDeInit:0000000000000000 $t
     /tmp/ccX8RDWE.s:207    .text.HAL_SPI_MspDeInit:0000000000000000 HAL_SPI_MspDeInit
     /tmp/ccX8RDWE.s:250    .text.HAL_SPI_MspDeInit:0000000000000024 $d

UNDEFINED SYMBOLS
HAL_PWREx_DisableUCPDDeadBattery
HAL_GPIO_Init
HAL_GPIO_DeInit
