ARM GAS  /tmp/ccq5zTqL.s 			page 1


   1              		.cpu cortex-m4
   2              		.eabi_attribute 27, 1
   3              		.eabi_attribute 28, 1
   4              		.eabi_attribute 20, 1
   5              		.eabi_attribute 21, 1
   6              		.eabi_attribute 23, 3
   7              		.eabi_attribute 24, 1
   8              		.eabi_attribute 25, 1
   9              		.eabi_attribute 26, 1
  10              		.eabi_attribute 30, 1
  11              		.eabi_attribute 34, 1
  12              		.eabi_attribute 18, 4
  13              		.file	"system_stm32g4xx.c"
  14              		.text
  15              	.Ltext0:
  16              		.cfi_sections	.debug_frame
  17              		.section	.text.SystemInit,"ax",%progbits
  18              		.align	1
  19              		.global	SystemInit
  20              		.arch armv7e-m
  21              		.syntax unified
  22              		.thumb
  23              		.thumb_func
  24              		.fpu fpv4-sp-d16
  26              	SystemInit:
  27              	.LFB132:
  28              		.file 1 "Core/Src/system_stm32g4xx.c"
   1:Core/Src/system_stm32g4xx.c **** /**
   2:Core/Src/system_stm32g4xx.c ****   ******************************************************************************
   3:Core/Src/system_stm32g4xx.c ****   * @file    system_stm32g4xx.c
   4:Core/Src/system_stm32g4xx.c ****   * @author  MCD Application Team
   5:Core/Src/system_stm32g4xx.c ****   * @brief   CMSIS Cortex-M4 Device Peripheral Access Layer System Source File
   6:Core/Src/system_stm32g4xx.c ****   *
   7:Core/Src/system_stm32g4xx.c ****   *   This file provides two functions and one global variable to be called from
   8:Core/Src/system_stm32g4xx.c ****   *   user application:
   9:Core/Src/system_stm32g4xx.c ****   *      - SystemInit(): This function is called at startup just after reset and
  10:Core/Src/system_stm32g4xx.c ****   *                      before branch to main program. This call is made inside
  11:Core/Src/system_stm32g4xx.c ****   *                      the "startup_stm32g4xx.s" file.
  12:Core/Src/system_stm32g4xx.c ****   *
  13:Core/Src/system_stm32g4xx.c ****   *      - SystemCoreClock variable: Contains the core clock (HCLK), it can be used
  14:Core/Src/system_stm32g4xx.c ****   *                                  by the user application to setup the SysTick
  15:Core/Src/system_stm32g4xx.c ****   *                                  timer or configure other parameters.
  16:Core/Src/system_stm32g4xx.c ****   *
  17:Core/Src/system_stm32g4xx.c ****   *      - SystemCoreClockUpdate(): Updates the variable SystemCoreClock and must
  18:Core/Src/system_stm32g4xx.c ****   *                                 be called whenever the core clock is changed
  19:Core/Src/system_stm32g4xx.c ****   *                                 during program execution.
  20:Core/Src/system_stm32g4xx.c ****   *
  21:Core/Src/system_stm32g4xx.c ****   *   After each device reset the HSI (16 MHz) is used as system clock source.
  22:Core/Src/system_stm32g4xx.c ****   *   Then SystemInit() function is called, in "startup_stm32g4xx.s" file, to
  23:Core/Src/system_stm32g4xx.c ****   *   configure the system clock before to branch to main program.
  24:Core/Src/system_stm32g4xx.c ****   *
  25:Core/Src/system_stm32g4xx.c ****   *   This file configures the system clock as follows:
  26:Core/Src/system_stm32g4xx.c ****   *=============================================================================
  27:Core/Src/system_stm32g4xx.c ****   *-----------------------------------------------------------------------------
  28:Core/Src/system_stm32g4xx.c ****   *        System Clock source                    | HSI
  29:Core/Src/system_stm32g4xx.c ****   *-----------------------------------------------------------------------------
  30:Core/Src/system_stm32g4xx.c ****   *        SYSCLK(Hz)                             | 16000000
ARM GAS  /tmp/ccq5zTqL.s 			page 2


  31:Core/Src/system_stm32g4xx.c ****   *-----------------------------------------------------------------------------
  32:Core/Src/system_stm32g4xx.c ****   *        HCLK(Hz)                               | 16000000
  33:Core/Src/system_stm32g4xx.c ****   *-----------------------------------------------------------------------------
  34:Core/Src/system_stm32g4xx.c ****   *        AHB Prescaler                          | 1
  35:Core/Src/system_stm32g4xx.c ****   *-----------------------------------------------------------------------------
  36:Core/Src/system_stm32g4xx.c ****   *        APB1 Prescaler                         | 1
  37:Core/Src/system_stm32g4xx.c ****   *-----------------------------------------------------------------------------
  38:Core/Src/system_stm32g4xx.c ****   *        APB2 Prescaler                         | 1
  39:Core/Src/system_stm32g4xx.c ****   *-----------------------------------------------------------------------------
  40:Core/Src/system_stm32g4xx.c ****   *        PLL_M                                  | 1
  41:Core/Src/system_stm32g4xx.c ****   *-----------------------------------------------------------------------------
  42:Core/Src/system_stm32g4xx.c ****   *        PLL_N                                  | 16
  43:Core/Src/system_stm32g4xx.c ****   *-----------------------------------------------------------------------------
  44:Core/Src/system_stm32g4xx.c ****   *        PLL_P                                  | 7
  45:Core/Src/system_stm32g4xx.c ****   *-----------------------------------------------------------------------------
  46:Core/Src/system_stm32g4xx.c ****   *        PLL_Q                                  | 2
  47:Core/Src/system_stm32g4xx.c ****   *-----------------------------------------------------------------------------
  48:Core/Src/system_stm32g4xx.c ****   *        PLL_R                                  | 2
  49:Core/Src/system_stm32g4xx.c ****   *-----------------------------------------------------------------------------
  50:Core/Src/system_stm32g4xx.c ****   *        Require 48MHz for RNG                  | Disabled
  51:Core/Src/system_stm32g4xx.c ****   *-----------------------------------------------------------------------------
  52:Core/Src/system_stm32g4xx.c ****   *=============================================================================
  53:Core/Src/system_stm32g4xx.c ****   ******************************************************************************
  54:Core/Src/system_stm32g4xx.c ****   * @attention
  55:Core/Src/system_stm32g4xx.c ****   *
  56:Core/Src/system_stm32g4xx.c ****   * Copyright (c) 2019 STMicroelectronics.
  57:Core/Src/system_stm32g4xx.c ****   * All rights reserved.
  58:Core/Src/system_stm32g4xx.c ****   *
  59:Core/Src/system_stm32g4xx.c ****   * This software is licensed under terms that can be found in the LICENSE file
  60:Core/Src/system_stm32g4xx.c ****   * in the root directory of this software component.
  61:Core/Src/system_stm32g4xx.c ****   * If no LICENSE file comes with this software, it is provided AS-IS.
  62:Core/Src/system_stm32g4xx.c ****   *
  63:Core/Src/system_stm32g4xx.c ****   ******************************************************************************
  64:Core/Src/system_stm32g4xx.c ****   */
  65:Core/Src/system_stm32g4xx.c **** 
  66:Core/Src/system_stm32g4xx.c **** /** @addtogroup CMSIS
  67:Core/Src/system_stm32g4xx.c ****   * @{
  68:Core/Src/system_stm32g4xx.c ****   */
  69:Core/Src/system_stm32g4xx.c **** 
  70:Core/Src/system_stm32g4xx.c **** /** @addtogroup stm32g4xx_system
  71:Core/Src/system_stm32g4xx.c ****   * @{
  72:Core/Src/system_stm32g4xx.c ****   */
  73:Core/Src/system_stm32g4xx.c **** 
  74:Core/Src/system_stm32g4xx.c **** /** @addtogroup STM32G4xx_System_Private_Includes
  75:Core/Src/system_stm32g4xx.c ****   * @{
  76:Core/Src/system_stm32g4xx.c ****   */
  77:Core/Src/system_stm32g4xx.c **** 
  78:Core/Src/system_stm32g4xx.c **** #include "stm32g4xx.h"
  79:Core/Src/system_stm32g4xx.c **** 
  80:Core/Src/system_stm32g4xx.c **** #if !defined  (HSE_VALUE)
  81:Core/Src/system_stm32g4xx.c ****   #define HSE_VALUE     24000000U /*!< Value of the External oscillator in Hz */
  82:Core/Src/system_stm32g4xx.c **** #endif /* HSE_VALUE */
  83:Core/Src/system_stm32g4xx.c **** 
  84:Core/Src/system_stm32g4xx.c **** #if !defined  (HSI_VALUE)
  85:Core/Src/system_stm32g4xx.c ****   #define HSI_VALUE    16000000U /*!< Value of the Internal oscillator in Hz*/
  86:Core/Src/system_stm32g4xx.c **** #endif /* HSI_VALUE */
  87:Core/Src/system_stm32g4xx.c **** 
ARM GAS  /tmp/ccq5zTqL.s 			page 3


  88:Core/Src/system_stm32g4xx.c **** /**
  89:Core/Src/system_stm32g4xx.c ****   * @}
  90:Core/Src/system_stm32g4xx.c ****   */
  91:Core/Src/system_stm32g4xx.c **** 
  92:Core/Src/system_stm32g4xx.c **** /** @addtogroup STM32G4xx_System_Private_TypesDefinitions
  93:Core/Src/system_stm32g4xx.c ****   * @{
  94:Core/Src/system_stm32g4xx.c ****   */
  95:Core/Src/system_stm32g4xx.c **** 
  96:Core/Src/system_stm32g4xx.c **** /**
  97:Core/Src/system_stm32g4xx.c ****   * @}
  98:Core/Src/system_stm32g4xx.c ****   */
  99:Core/Src/system_stm32g4xx.c **** 
 100:Core/Src/system_stm32g4xx.c **** /** @addtogroup STM32G4xx_System_Private_Defines
 101:Core/Src/system_stm32g4xx.c ****   * @{
 102:Core/Src/system_stm32g4xx.c ****   */
 103:Core/Src/system_stm32g4xx.c **** 
 104:Core/Src/system_stm32g4xx.c **** /************************* Miscellaneous Configuration ************************/
 105:Core/Src/system_stm32g4xx.c **** /* Note: Following vector table addresses must be defined in line with linker
 106:Core/Src/system_stm32g4xx.c ****          configuration. */
 107:Core/Src/system_stm32g4xx.c **** /*!< Uncomment the following line if you need to relocate the vector table
 108:Core/Src/system_stm32g4xx.c ****      anywhere in Flash or Sram, else the vector table is kept at the automatic
 109:Core/Src/system_stm32g4xx.c ****      remap of boot address selected */
 110:Core/Src/system_stm32g4xx.c **** /* #define USER_VECT_TAB_ADDRESS */
 111:Core/Src/system_stm32g4xx.c **** 
 112:Core/Src/system_stm32g4xx.c **** #if defined(USER_VECT_TAB_ADDRESS)
 113:Core/Src/system_stm32g4xx.c **** /*!< Uncomment the following line if you need to relocate your vector Table
 114:Core/Src/system_stm32g4xx.c ****      in Sram else user remap will be done in Flash. */
 115:Core/Src/system_stm32g4xx.c **** /* #define VECT_TAB_SRAM */
 116:Core/Src/system_stm32g4xx.c **** #if defined(VECT_TAB_SRAM)
 117:Core/Src/system_stm32g4xx.c **** #define VECT_TAB_BASE_ADDRESS   SRAM_BASE       /*!< Vector Table base address field.
 118:Core/Src/system_stm32g4xx.c ****                                                      This value must be a multiple of 0x200. */
 119:Core/Src/system_stm32g4xx.c **** #else
 120:Core/Src/system_stm32g4xx.c **** #define VECT_TAB_BASE_ADDRESS   FLASH_BASE      /*!< Vector Table base address field.
 121:Core/Src/system_stm32g4xx.c ****                                                      This value must be a multiple of 0x200. */
 122:Core/Src/system_stm32g4xx.c **** #endif /* VECT_TAB_SRAM */
 123:Core/Src/system_stm32g4xx.c **** 
 124:Core/Src/system_stm32g4xx.c **** #if !defined(VECT_TAB_OFFSET)
 125:Core/Src/system_stm32g4xx.c **** #define VECT_TAB_OFFSET         0x00000000U     /*!< Vector Table offset field.
 126:Core/Src/system_stm32g4xx.c ****                                                      This value must be a multiple of 0x200. */
 127:Core/Src/system_stm32g4xx.c **** #endif /* VECT_TAB_OFFSET */
 128:Core/Src/system_stm32g4xx.c **** 
 129:Core/Src/system_stm32g4xx.c **** #endif /* USER_VECT_TAB_ADDRESS */
 130:Core/Src/system_stm32g4xx.c **** /******************************************************************************/
 131:Core/Src/system_stm32g4xx.c **** /**
 132:Core/Src/system_stm32g4xx.c ****   * @}
 133:Core/Src/system_stm32g4xx.c ****   */
 134:Core/Src/system_stm32g4xx.c **** 
 135:Core/Src/system_stm32g4xx.c **** /** @addtogroup STM32G4xx_System_Private_Macros
 136:Core/Src/system_stm32g4xx.c ****   * @{
 137:Core/Src/system_stm32g4xx.c ****   */
 138:Core/Src/system_stm32g4xx.c **** 
 139:Core/Src/system_stm32g4xx.c **** /**
 140:Core/Src/system_stm32g4xx.c ****   * @}
 141:Core/Src/system_stm32g4xx.c ****   */
 142:Core/Src/system_stm32g4xx.c **** 
 143:Core/Src/system_stm32g4xx.c **** /** @addtogroup STM32G4xx_System_Private_Variables
 144:Core/Src/system_stm32g4xx.c ****   * @{
ARM GAS  /tmp/ccq5zTqL.s 			page 4


 145:Core/Src/system_stm32g4xx.c ****   */
 146:Core/Src/system_stm32g4xx.c ****   /* The SystemCoreClock variable is updated in three ways:
 147:Core/Src/system_stm32g4xx.c ****       1) by calling CMSIS function SystemCoreClockUpdate()
 148:Core/Src/system_stm32g4xx.c ****       2) by calling HAL API function HAL_RCC_GetHCLKFreq()
 149:Core/Src/system_stm32g4xx.c ****       3) each time HAL_RCC_ClockConfig() is called to configure the system clock frequency
 150:Core/Src/system_stm32g4xx.c ****          Note: If you use this function to configure the system clock; then there
 151:Core/Src/system_stm32g4xx.c ****                is no need to call the 2 first functions listed above, since SystemCoreClock
 152:Core/Src/system_stm32g4xx.c ****                variable is updated automatically.
 153:Core/Src/system_stm32g4xx.c ****   */
 154:Core/Src/system_stm32g4xx.c ****   uint32_t SystemCoreClock = HSI_VALUE;
 155:Core/Src/system_stm32g4xx.c **** 
 156:Core/Src/system_stm32g4xx.c ****   const uint8_t AHBPrescTable[16] = {0U, 0U, 0U, 0U, 0U, 0U, 0U, 0U, 1U, 2U, 3U, 4U, 6U, 7U, 8U, 9U
 157:Core/Src/system_stm32g4xx.c ****   const uint8_t APBPrescTable[8] =  {0U, 0U, 0U, 0U, 1U, 2U, 3U, 4U};
 158:Core/Src/system_stm32g4xx.c **** 
 159:Core/Src/system_stm32g4xx.c **** /**
 160:Core/Src/system_stm32g4xx.c ****   * @}
 161:Core/Src/system_stm32g4xx.c ****   */
 162:Core/Src/system_stm32g4xx.c **** 
 163:Core/Src/system_stm32g4xx.c **** /** @addtogroup STM32G4xx_System_Private_FunctionPrototypes
 164:Core/Src/system_stm32g4xx.c ****   * @{
 165:Core/Src/system_stm32g4xx.c ****   */
 166:Core/Src/system_stm32g4xx.c **** 
 167:Core/Src/system_stm32g4xx.c **** /**
 168:Core/Src/system_stm32g4xx.c ****   * @}
 169:Core/Src/system_stm32g4xx.c ****   */
 170:Core/Src/system_stm32g4xx.c **** 
 171:Core/Src/system_stm32g4xx.c **** /** @addtogroup STM32G4xx_System_Private_Functions
 172:Core/Src/system_stm32g4xx.c ****   * @{
 173:Core/Src/system_stm32g4xx.c ****   */
 174:Core/Src/system_stm32g4xx.c **** 
 175:Core/Src/system_stm32g4xx.c **** /**
 176:Core/Src/system_stm32g4xx.c ****   * @brief  Setup the microcontroller system.
 177:Core/Src/system_stm32g4xx.c ****   * @param  None
 178:Core/Src/system_stm32g4xx.c ****   * @retval None
 179:Core/Src/system_stm32g4xx.c ****   */
 180:Core/Src/system_stm32g4xx.c **** 
 181:Core/Src/system_stm32g4xx.c **** void SystemInit(void)
 182:Core/Src/system_stm32g4xx.c **** {
  29              		.loc 1 182 1 view -0
  30              		.cfi_startproc
  31              		@ args = 0, pretend = 0, frame = 0
  32              		@ frame_needed = 0, uses_anonymous_args = 0
  33              		@ link register save eliminated.
 183:Core/Src/system_stm32g4xx.c ****   /* FPU settings ------------------------------------------------------------*/
 184:Core/Src/system_stm32g4xx.c ****   #if (__FPU_PRESENT == 1) && (__FPU_USED == 1)
 185:Core/Src/system_stm32g4xx.c ****     SCB->CPACR |= ((3UL << (10*2))|(3UL << (11*2)));  /* set CP10 and CP11 Full Access */
  34              		.loc 1 185 5 view .LVU1
  35              		.loc 1 185 16 is_stmt 0 view .LVU2
  36 0000 034A     		ldr	r2, .L2
  37 0002 D2F88830 		ldr	r3, [r2, #136]
  38 0006 43F47003 		orr	r3, r3, #15728640
  39 000a C2F88830 		str	r3, [r2, #136]
 186:Core/Src/system_stm32g4xx.c ****   #endif
 187:Core/Src/system_stm32g4xx.c **** 
 188:Core/Src/system_stm32g4xx.c ****   /* Configure the Vector Table location add offset address ------------------*/
 189:Core/Src/system_stm32g4xx.c **** #if defined(USER_VECT_TAB_ADDRESS)
 190:Core/Src/system_stm32g4xx.c ****   SCB->VTOR = VECT_TAB_BASE_ADDRESS | VECT_TAB_OFFSET; /* Vector Table Relocation in Internal SRAM 
ARM GAS  /tmp/ccq5zTqL.s 			page 5


 191:Core/Src/system_stm32g4xx.c **** #endif /* USER_VECT_TAB_ADDRESS */
 192:Core/Src/system_stm32g4xx.c **** }
  40              		.loc 1 192 1 view .LVU3
  41 000e 7047     		bx	lr
  42              	.L3:
  43              		.align	2
  44              	.L2:
  45 0010 00ED00E0 		.word	-536810240
  46              		.cfi_endproc
  47              	.LFE132:
  49              		.section	.text.SystemCoreClockUpdate,"ax",%progbits
  50              		.align	1
  51              		.global	SystemCoreClockUpdate
  52              		.syntax unified
  53              		.thumb
  54              		.thumb_func
  55              		.fpu fpv4-sp-d16
  57              	SystemCoreClockUpdate:
  58              	.LFB133:
 193:Core/Src/system_stm32g4xx.c **** 
 194:Core/Src/system_stm32g4xx.c **** /**
 195:Core/Src/system_stm32g4xx.c ****   * @brief  Update SystemCoreClock variable according to Clock Register Values.
 196:Core/Src/system_stm32g4xx.c ****   *         The SystemCoreClock variable contains the core clock (HCLK), it can
 197:Core/Src/system_stm32g4xx.c ****   *         be used by the user application to setup the SysTick timer or configure
 198:Core/Src/system_stm32g4xx.c ****   *         other parameters.
 199:Core/Src/system_stm32g4xx.c ****   *
 200:Core/Src/system_stm32g4xx.c ****   * @note   Each time the core clock (HCLK) changes, this function must be called
 201:Core/Src/system_stm32g4xx.c ****   *         to update SystemCoreClock variable value. Otherwise, any configuration
 202:Core/Src/system_stm32g4xx.c ****   *         based on this variable will be incorrect.
 203:Core/Src/system_stm32g4xx.c ****   *
 204:Core/Src/system_stm32g4xx.c ****   * @note   - The system frequency computed by this function is not the real
 205:Core/Src/system_stm32g4xx.c ****   *           frequency in the chip. It is calculated based on the predefined
 206:Core/Src/system_stm32g4xx.c ****   *           constant and the selected clock source:
 207:Core/Src/system_stm32g4xx.c ****   *
 208:Core/Src/system_stm32g4xx.c ****   *           - If SYSCLK source is HSI, SystemCoreClock will contain the HSI_VALUE(**)
 209:Core/Src/system_stm32g4xx.c ****   *
 210:Core/Src/system_stm32g4xx.c ****   *           - If SYSCLK source is HSE, SystemCoreClock will contain the HSE_VALUE(***)
 211:Core/Src/system_stm32g4xx.c ****   *
 212:Core/Src/system_stm32g4xx.c ****   *           - If SYSCLK source is PLL, SystemCoreClock will contain the HSE_VALUE(***)
 213:Core/Src/system_stm32g4xx.c ****   *             or HSI_VALUE(*) multiplied/divided by the PLL factors.
 214:Core/Src/system_stm32g4xx.c ****   *
 215:Core/Src/system_stm32g4xx.c ****   *         (**) HSI_VALUE is a constant defined in stm32g4xx_hal.h file (default value
 216:Core/Src/system_stm32g4xx.c ****   *              16 MHz) but the real value may vary depending on the variations
 217:Core/Src/system_stm32g4xx.c ****   *              in voltage and temperature.
 218:Core/Src/system_stm32g4xx.c ****   *
 219:Core/Src/system_stm32g4xx.c ****   *         (***) HSE_VALUE is a constant defined in stm32g4xx_hal.h file (default value
 220:Core/Src/system_stm32g4xx.c ****   *              24 MHz), user has to ensure that HSE_VALUE is same as the real
 221:Core/Src/system_stm32g4xx.c ****   *              frequency of the crystal used. Otherwise, this function may
 222:Core/Src/system_stm32g4xx.c ****   *              have wrong result.
 223:Core/Src/system_stm32g4xx.c ****   *
 224:Core/Src/system_stm32g4xx.c ****   *         - The result of this function could be not correct when using fractional
 225:Core/Src/system_stm32g4xx.c ****   *           value for HSE crystal.
 226:Core/Src/system_stm32g4xx.c ****   *
 227:Core/Src/system_stm32g4xx.c ****   * @param  None
 228:Core/Src/system_stm32g4xx.c ****   * @retval None
 229:Core/Src/system_stm32g4xx.c ****   */
 230:Core/Src/system_stm32g4xx.c **** void SystemCoreClockUpdate(void)
ARM GAS  /tmp/ccq5zTqL.s 			page 6


 231:Core/Src/system_stm32g4xx.c **** {
  59              		.loc 1 231 1 is_stmt 1 view -0
  60              		.cfi_startproc
  61              		@ args = 0, pretend = 0, frame = 0
  62              		@ frame_needed = 0, uses_anonymous_args = 0
  63              		@ link register save eliminated.
 232:Core/Src/system_stm32g4xx.c ****   uint32_t tmp, pllvco, pllr, pllsource, pllm;
  64              		.loc 1 232 3 view .LVU5
 233:Core/Src/system_stm32g4xx.c **** 
 234:Core/Src/system_stm32g4xx.c ****   /* Get SYSCLK source -------------------------------------------------------*/
 235:Core/Src/system_stm32g4xx.c ****   switch (RCC->CFGR & RCC_CFGR_SWS)
  65              		.loc 1 235 3 view .LVU6
  66              		.loc 1 235 14 is_stmt 0 view .LVU7
  67 0000 1E4B     		ldr	r3, .L12
  68 0002 9B68     		ldr	r3, [r3, #8]
  69              		.loc 1 235 21 view .LVU8
  70 0004 03F00C03 		and	r3, r3, #12
  71              		.loc 1 235 3 view .LVU9
  72 0008 082B     		cmp	r3, #8
  73 000a 12D0     		beq	.L5
  74 000c 0C2B     		cmp	r3, #12
  75 000e 14D0     		beq	.L6
  76 0010 042B     		cmp	r3, #4
  77 0012 0AD0     		beq	.L10
  78              	.L7:
 236:Core/Src/system_stm32g4xx.c ****   {
 237:Core/Src/system_stm32g4xx.c ****     case 0x04:  /* HSI used as system clock source */
 238:Core/Src/system_stm32g4xx.c ****       SystemCoreClock = HSI_VALUE;
 239:Core/Src/system_stm32g4xx.c ****       break;
 240:Core/Src/system_stm32g4xx.c **** 
 241:Core/Src/system_stm32g4xx.c ****     case 0x08:  /* HSE used as system clock source */
 242:Core/Src/system_stm32g4xx.c ****       SystemCoreClock = HSE_VALUE;
 243:Core/Src/system_stm32g4xx.c ****       break;
 244:Core/Src/system_stm32g4xx.c **** 
 245:Core/Src/system_stm32g4xx.c ****     case 0x0C:  /* PLL used as system clock  source */
 246:Core/Src/system_stm32g4xx.c ****       /* PLL_VCO = (HSE_VALUE or HSI_VALUE / PLLM) * PLLN
 247:Core/Src/system_stm32g4xx.c ****          SYSCLK = PLL_VCO / PLLR
 248:Core/Src/system_stm32g4xx.c ****          */
 249:Core/Src/system_stm32g4xx.c ****       pllsource = (RCC->PLLCFGR & RCC_PLLCFGR_PLLSRC);
 250:Core/Src/system_stm32g4xx.c ****       pllm = ((RCC->PLLCFGR & RCC_PLLCFGR_PLLM) >> 4) + 1U ;
 251:Core/Src/system_stm32g4xx.c ****       if (pllsource == 0x02UL) /* HSI used as PLL clock source */
 252:Core/Src/system_stm32g4xx.c ****       {
 253:Core/Src/system_stm32g4xx.c ****         pllvco = (HSI_VALUE / pllm);
 254:Core/Src/system_stm32g4xx.c ****       }
 255:Core/Src/system_stm32g4xx.c ****       else                   /* HSE used as PLL clock source */
 256:Core/Src/system_stm32g4xx.c ****       {
 257:Core/Src/system_stm32g4xx.c ****         pllvco = (HSE_VALUE / pllm);
 258:Core/Src/system_stm32g4xx.c ****       }
 259:Core/Src/system_stm32g4xx.c ****       pllvco = pllvco * ((RCC->PLLCFGR & RCC_PLLCFGR_PLLN) >> 8);
 260:Core/Src/system_stm32g4xx.c ****       pllr = (((RCC->PLLCFGR & RCC_PLLCFGR_PLLR) >> 25) + 1U) * 2U;
 261:Core/Src/system_stm32g4xx.c ****       SystemCoreClock = pllvco/pllr;
 262:Core/Src/system_stm32g4xx.c ****       break;
 263:Core/Src/system_stm32g4xx.c **** 
 264:Core/Src/system_stm32g4xx.c ****     default:
 265:Core/Src/system_stm32g4xx.c ****       break;
 266:Core/Src/system_stm32g4xx.c ****   }
 267:Core/Src/system_stm32g4xx.c ****   /* Compute HCLK clock frequency --------------------------------------------*/
ARM GAS  /tmp/ccq5zTqL.s 			page 7


 268:Core/Src/system_stm32g4xx.c ****   /* Get HCLK prescaler */
 269:Core/Src/system_stm32g4xx.c ****   tmp = AHBPrescTable[((RCC->CFGR & RCC_CFGR_HPRE) >> 4)];
  79              		.loc 1 269 3 is_stmt 1 view .LVU10
  80              		.loc 1 269 28 is_stmt 0 view .LVU11
  81 0014 194B     		ldr	r3, .L12
  82 0016 9B68     		ldr	r3, [r3, #8]
  83              		.loc 1 269 52 view .LVU12
  84 0018 C3F30313 		ubfx	r3, r3, #4, #4
  85              		.loc 1 269 22 view .LVU13
  86 001c 184A     		ldr	r2, .L12+4
  87 001e D15C     		ldrb	r1, [r2, r3]	@ zero_extendqisi2
  88              	.LVL0:
 270:Core/Src/system_stm32g4xx.c ****   /* HCLK clock frequency */
 271:Core/Src/system_stm32g4xx.c ****   SystemCoreClock >>= tmp;
  89              		.loc 1 271 3 is_stmt 1 view .LVU14
  90              		.loc 1 271 19 is_stmt 0 view .LVU15
  91 0020 184A     		ldr	r2, .L12+8
  92 0022 1368     		ldr	r3, [r2]
  93 0024 CB40     		lsrs	r3, r3, r1
  94 0026 1360     		str	r3, [r2]
 272:Core/Src/system_stm32g4xx.c **** }
  95              		.loc 1 272 1 view .LVU16
  96 0028 7047     		bx	lr
  97              	.LVL1:
  98              	.L10:
 238:Core/Src/system_stm32g4xx.c ****       break;
  99              		.loc 1 238 7 is_stmt 1 view .LVU17
 238:Core/Src/system_stm32g4xx.c ****       break;
 100              		.loc 1 238 23 is_stmt 0 view .LVU18
 101 002a 164B     		ldr	r3, .L12+8
 102 002c 164A     		ldr	r2, .L12+12
 103 002e 1A60     		str	r2, [r3]
 239:Core/Src/system_stm32g4xx.c **** 
 104              		.loc 1 239 7 is_stmt 1 view .LVU19
 105 0030 F0E7     		b	.L7
 106              	.L5:
 242:Core/Src/system_stm32g4xx.c ****       break;
 107              		.loc 1 242 7 view .LVU20
 242:Core/Src/system_stm32g4xx.c ****       break;
 108              		.loc 1 242 23 is_stmt 0 view .LVU21
 109 0032 144B     		ldr	r3, .L12+8
 110 0034 154A     		ldr	r2, .L12+16
 111 0036 1A60     		str	r2, [r3]
 243:Core/Src/system_stm32g4xx.c **** 
 112              		.loc 1 243 7 is_stmt 1 view .LVU22
 113 0038 ECE7     		b	.L7
 114              	.L6:
 249:Core/Src/system_stm32g4xx.c ****       pllm = ((RCC->PLLCFGR & RCC_PLLCFGR_PLLM) >> 4) + 1U ;
 115              		.loc 1 249 7 view .LVU23
 249:Core/Src/system_stm32g4xx.c ****       pllm = ((RCC->PLLCFGR & RCC_PLLCFGR_PLLM) >> 4) + 1U ;
 116              		.loc 1 249 23 is_stmt 0 view .LVU24
 117 003a 104B     		ldr	r3, .L12
 118 003c DA68     		ldr	r2, [r3, #12]
 249:Core/Src/system_stm32g4xx.c ****       pllm = ((RCC->PLLCFGR & RCC_PLLCFGR_PLLM) >> 4) + 1U ;
 119              		.loc 1 249 17 view .LVU25
 120 003e 02F00302 		and	r2, r2, #3
 121              	.LVL2:
ARM GAS  /tmp/ccq5zTqL.s 			page 8


 250:Core/Src/system_stm32g4xx.c ****       if (pllsource == 0x02UL) /* HSI used as PLL clock source */
 122              		.loc 1 250 7 is_stmt 1 view .LVU26
 250:Core/Src/system_stm32g4xx.c ****       if (pllsource == 0x02UL) /* HSI used as PLL clock source */
 123              		.loc 1 250 19 is_stmt 0 view .LVU27
 124 0042 DB68     		ldr	r3, [r3, #12]
 250:Core/Src/system_stm32g4xx.c ****       if (pllsource == 0x02UL) /* HSI used as PLL clock source */
 125              		.loc 1 250 49 view .LVU28
 126 0044 C3F30313 		ubfx	r3, r3, #4, #4
 250:Core/Src/system_stm32g4xx.c ****       if (pllsource == 0x02UL) /* HSI used as PLL clock source */
 127              		.loc 1 250 12 view .LVU29
 128 0048 0133     		adds	r3, r3, #1
 129              	.LVL3:
 251:Core/Src/system_stm32g4xx.c ****       {
 130              		.loc 1 251 7 is_stmt 1 view .LVU30
 251:Core/Src/system_stm32g4xx.c ****       {
 131              		.loc 1 251 10 is_stmt 0 view .LVU31
 132 004a 022A     		cmp	r2, #2
 133 004c 12D0     		beq	.L11
 257:Core/Src/system_stm32g4xx.c ****       }
 134              		.loc 1 257 9 is_stmt 1 view .LVU32
 257:Core/Src/system_stm32g4xx.c ****       }
 135              		.loc 1 257 16 is_stmt 0 view .LVU33
 136 004e 0F4A     		ldr	r2, .L12+16
 137              	.LVL4:
 257:Core/Src/system_stm32g4xx.c ****       }
 138              		.loc 1 257 16 view .LVU34
 139 0050 B2FBF3F2 		udiv	r2, r2, r3
 140              	.LVL5:
 141              	.L9:
 259:Core/Src/system_stm32g4xx.c ****       pllr = (((RCC->PLLCFGR & RCC_PLLCFGR_PLLR) >> 25) + 1U) * 2U;
 142              		.loc 1 259 7 is_stmt 1 view .LVU35
 259:Core/Src/system_stm32g4xx.c ****       pllr = (((RCC->PLLCFGR & RCC_PLLCFGR_PLLR) >> 25) + 1U) * 2U;
 143              		.loc 1 259 30 is_stmt 0 view .LVU36
 144 0054 0949     		ldr	r1, .L12
 145 0056 CB68     		ldr	r3, [r1, #12]
 146              	.LVL6:
 259:Core/Src/system_stm32g4xx.c ****       pllr = (((RCC->PLLCFGR & RCC_PLLCFGR_PLLR) >> 25) + 1U) * 2U;
 147              		.loc 1 259 60 view .LVU37
 148 0058 C3F30623 		ubfx	r3, r3, #8, #7
 259:Core/Src/system_stm32g4xx.c ****       pllr = (((RCC->PLLCFGR & RCC_PLLCFGR_PLLR) >> 25) + 1U) * 2U;
 149              		.loc 1 259 14 view .LVU38
 150 005c 02FB03F3 		mul	r3, r2, r3
 151              	.LVL7:
 260:Core/Src/system_stm32g4xx.c ****       SystemCoreClock = pllvco/pllr;
 152              		.loc 1 260 7 is_stmt 1 view .LVU39
 260:Core/Src/system_stm32g4xx.c ****       SystemCoreClock = pllvco/pllr;
 153              		.loc 1 260 20 is_stmt 0 view .LVU40
 154 0060 CA68     		ldr	r2, [r1, #12]
 260:Core/Src/system_stm32g4xx.c ****       SystemCoreClock = pllvco/pllr;
 155              		.loc 1 260 50 view .LVU41
 156 0062 C2F34162 		ubfx	r2, r2, #25, #2
 260:Core/Src/system_stm32g4xx.c ****       SystemCoreClock = pllvco/pllr;
 157              		.loc 1 260 57 view .LVU42
 158 0066 0132     		adds	r2, r2, #1
 260:Core/Src/system_stm32g4xx.c ****       SystemCoreClock = pllvco/pllr;
 159              		.loc 1 260 12 view .LVU43
 160 0068 5200     		lsls	r2, r2, #1
ARM GAS  /tmp/ccq5zTqL.s 			page 9


 161              	.LVL8:
 261:Core/Src/system_stm32g4xx.c ****       break;
 162              		.loc 1 261 7 is_stmt 1 view .LVU44
 261:Core/Src/system_stm32g4xx.c ****       break;
 163              		.loc 1 261 31 is_stmt 0 view .LVU45
 164 006a B3FBF2F3 		udiv	r3, r3, r2
 165              	.LVL9:
 261:Core/Src/system_stm32g4xx.c ****       break;
 166              		.loc 1 261 23 view .LVU46
 167 006e 054A     		ldr	r2, .L12+8
 168              	.LVL10:
 261:Core/Src/system_stm32g4xx.c ****       break;
 169              		.loc 1 261 23 view .LVU47
 170 0070 1360     		str	r3, [r2]
 262:Core/Src/system_stm32g4xx.c **** 
 171              		.loc 1 262 7 is_stmt 1 view .LVU48
 172 0072 CFE7     		b	.L7
 173              	.LVL11:
 174              	.L11:
 253:Core/Src/system_stm32g4xx.c ****       }
 175              		.loc 1 253 9 view .LVU49
 253:Core/Src/system_stm32g4xx.c ****       }
 176              		.loc 1 253 16 is_stmt 0 view .LVU50
 177 0074 044A     		ldr	r2, .L12+12
 178              	.LVL12:
 253:Core/Src/system_stm32g4xx.c ****       }
 179              		.loc 1 253 16 view .LVU51
 180 0076 B2FBF3F2 		udiv	r2, r2, r3
 181              	.LVL13:
 253:Core/Src/system_stm32g4xx.c ****       }
 182              		.loc 1 253 16 view .LVU52
 183 007a EBE7     		b	.L9
 184              	.L13:
 185              		.align	2
 186              	.L12:
 187 007c 00100240 		.word	1073876992
 188 0080 00000000 		.word	.LANCHOR1
 189 0084 00000000 		.word	.LANCHOR0
 190 0088 0024F400 		.word	16000000
 191 008c 00127A00 		.word	8000000
 192              		.cfi_endproc
 193              	.LFE133:
 195              		.global	APBPrescTable
 196              		.global	AHBPrescTable
 197              		.global	SystemCoreClock
 198              		.section	.data.SystemCoreClock,"aw"
 199              		.align	2
 200              		.set	.LANCHOR0,. + 0
 203              	SystemCoreClock:
 204 0000 0024F400 		.word	16000000
 205              		.section	.rodata.AHBPrescTable,"a"
 206              		.align	2
 207              		.set	.LANCHOR1,. + 0
 210              	AHBPrescTable:
 211 0000 00000000 		.ascii	"\000\000\000\000\000\000\000\000\001\002\003\004\006"
 211      00000000 
 211      01020304 
ARM GAS  /tmp/ccq5zTqL.s 			page 10


 211      06
 212 000d 070809   		.ascii	"\007\010\011"
 213              		.section	.rodata.APBPrescTable,"a"
 214              		.align	2
 217              	APBPrescTable:
 218 0000 00000000 		.ascii	"\000\000\000\000\001\002\003\004"
 218      01020304 
 219              		.text
 220              	.Letext0:
 221              		.file 2 "/usr/lib/gcc/arm-none-eabi/10.3.1/include/stdint.h"
 222              		.file 3 "Drivers/CMSIS/Include/core_cm4.h"
 223              		.file 4 "Drivers/CMSIS/Device/ST/STM32G4xx/Include/system_stm32g4xx.h"
 224              		.file 5 "Drivers/CMSIS/Device/ST/STM32G4xx/Include/stm32g474xx.h"
ARM GAS  /tmp/ccq5zTqL.s 			page 11


DEFINED SYMBOLS
                            *ABS*:0000000000000000 system_stm32g4xx.c
     /tmp/ccq5zTqL.s:18     .text.SystemInit:0000000000000000 $t
     /tmp/ccq5zTqL.s:26     .text.SystemInit:0000000000000000 SystemInit
     /tmp/ccq5zTqL.s:45     .text.SystemInit:0000000000000010 $d
     /tmp/ccq5zTqL.s:50     .text.SystemCoreClockUpdate:0000000000000000 $t
     /tmp/ccq5zTqL.s:57     .text.SystemCoreClockUpdate:0000000000000000 SystemCoreClockUpdate
     /tmp/ccq5zTqL.s:187    .text.SystemCoreClockUpdate:000000000000007c $d
     /tmp/ccq5zTqL.s:217    .rodata.APBPrescTable:0000000000000000 APBPrescTable
     /tmp/ccq5zTqL.s:210    .rodata.AHBPrescTable:0000000000000000 AHBPrescTable
     /tmp/ccq5zTqL.s:203    .data.SystemCoreClock:0000000000000000 SystemCoreClock
     /tmp/ccq5zTqL.s:199    .data.SystemCoreClock:0000000000000000 $d
     /tmp/ccq5zTqL.s:206    .rodata.AHBPrescTable:0000000000000000 $d
     /tmp/ccq5zTqL.s:214    .rodata.APBPrescTable:0000000000000000 $d

NO UNDEFINED SYMBOLS
